[START] Security scan
WARNING: Ignoring invalid distribution ~nnxruntime (K:\program\minicaonda\envs\comfy\Lib\site-packages)
[DONE] Security scan
## ComfyUI-Manager: installing dependencies done.
** ComfyUI startup time: 2025-09-06 11:02:25.597
** Platform: Windows
** Python version: 3.12.0 | packaged by Anaconda, Inc. | (main, Oct  2 2023, 17:20:38) [MSC v.1916 64 bit (AMD64)]
** Python executable: K:\program\minicaonda\envs\comfy\python.exe
** ComfyUI Path: K:\aiapps\comfyui-conda\ComfyUI
** ComfyUI Base Folder Path: K:\aiapps\comfyui-conda\ComfyUI
** User directory: K:\aiapps\comfyui-conda\ComfyUI\user
** ComfyUI-Manager config path: K:\aiapps\comfyui-conda\ComfyUI\user\default\ComfyUI-Manager\config.ini
** Log path: K:\aiapps\comfyui-conda\ComfyUI\user\comfyui.log
WARNING: Ignoring invalid distribution ~nnxruntime (K:\program\minicaonda\envs\comfy\Lib\site-packages)
WARNING: Ignoring invalid distribution ~nnxruntime (K:\program\minicaonda\envs\comfy\Lib\site-packages)

Prestartup times for custom nodes:
   0.0 seconds: K:\aiapps\comfyui-conda\ComfyUI\custom_nodes\comfyui-easy-use
   0.0 seconds: K:\aiapps\comfyui-conda\ComfyUI\custom_nodes\rgthree-comfy
   3.3 seconds: K:\aiapps\comfyui-conda\ComfyUI\custom_nodes\ComfyUI-Manager

Checkpoint files will always be loaded safely.
Total VRAM 24564 MB, total RAM 65277 MB
pytorch version: 2.7.1+cu126
Set vram state to: NORMAL_VRAM
Device: cuda:0 NVIDIA GeForce RTX 4090 : cudaMallocAsync
Using pytorch attention
Python version: 3.12.0 | packaged by Anaconda, Inc. | (main, Oct  2 2023, 17:20:38) [MSC v.1916 64 bit (AMD64)]
ComfyUI version: 0.3.49
ComfyUI frontend version: 1.23.4
[Prompt Server] web root: K:\program\minicaonda\envs\comfy\Lib\site-packages\comfyui_frontend_package\static
K:\program\minicaonda\envs\comfy\Lib\site-packages\albumentations\__init__.py:13: UserWarning: A new version of Albumentations is available: 2.0.8 (you have 1.4.15). Upgrade using: pip install -U albumentations. To disable automatic update checks, set the environment variable NO_ALBUMENTATIONS_UPDATE to 1.
  check_for_updates()
[K:\aiapps\comfyui-conda\ComfyUI\custom_nodes\comfy-mtb] | INFO -> loaded 108 nodes successfuly
ComfyTopazPhoto: Copied topaz.js to K:\aiapps\comfyui-conda\ComfyUI\web\extensions\ComfyTopazPhoto
[custom_nodes.comfyui_controlnet_aux] | INFO -> Using ckpts path: K:\aiapps\comfyui-conda\ComfyUI\custom_nodes\comfyui_controlnet_aux\ckpts
[custom_nodes.comfyui_controlnet_aux] | INFO -> Using symlinks: False
[custom_nodes.comfyui_controlnet_aux] | INFO -> Using ort providers: ['CUDAExecutionProvider', 'DirectMLExecutionProvider', 'OpenVINOExecutionProvider', 'ROCMExecutionProvider', 'CPUExecutionProvider', 'CoreMLExecutionProvider']
K:\aiapps\comfyui-conda\ComfyUI\custom_nodes\comfyui_controlnet_aux\node_wrappers\dwpose.py:26: UserWarning: DWPose: Onnxruntime not found or doesn't come with acceleration providers, switch to OpenCV with CPU device. DWPose might run very slowly
  warnings.warn("DWPose: Onnxruntime not found or doesn't come with acceleration providers, switch to OpenCV with CPU device. DWPose might run very slowly")
Traceback (most recent call last):
  File "K:\aiapps\comfyui-conda\ComfyUI\nodes.py", line 2129, in load_custom_node
    module_spec.loader.exec_module(module)
  File "<frozen importlib._bootstrap_external>", line 994, in exec_module
  File "<frozen importlib._bootstrap>", line 488, in _call_with_frames_removed
  File "K:\aiapps\comfyui-conda\ComfyUI\custom_nodes\comfyui-anyline\__init__.py", line 1, in <module>
    from .anyline import AnyLine
  File "K:\aiapps\comfyui-conda\ComfyUI\custom_nodes\comfyui-anyline\anyline.py", line 9, in <module>
    from custom_nodes.comfyui_controlnet_aux.src.controlnet_aux.teed import TEDDetector
ModuleNotFoundError: No module named 'custom_nodes.comfyui_controlnet_aux.src.controlnet_aux'

Cannot import K:\aiapps\comfyui-conda\ComfyUI\custom_nodes\comfyui-anyline module for custom nodes: No module named 'custom_nodes.comfyui_controlnet_aux.src.controlnet_aux'
[Crystools INFO] Crystools version: 1.22.1
[Crystools INFO] CPU: 13th Gen Intel(R) Core(TM) i7-13700K - Arch: AMD64 - OS: Windows 11
[Crystools INFO] Pynvml (Nvidia) initialized.
[Crystools INFO] GPU/s:
[Crystools INFO] 0) NVIDIA GeForce RTX 4090
[Crystools INFO] NVIDIA Driver: 580.97
xFormers not available
xFormers not available
[ComfyUI-Easy-Use] server: v1.3.0 Loaded
[ComfyUI-Easy-Use] web root: K:\aiapps\comfyui-conda\ComfyUI\custom_nodes\comfyui-easy-use\web_version/v2 Loaded
Comfyui-ergouzi-DGNJD:Ëß£ÈîÅÊõ¥Â§öÂÆùË¥µÊó∂ÂÖâÔºåÂéªÂÅöÊõ¥ÊúâÊÑè‰πâÁöÑ‰∫ãÊÉÖÔºåËøôÊâçÊòØAI--------BÁ´ô@ÁÅµ‰ªôÂÑøÂíå‰∫åÁãóÂ≠ê
Found Gemini node at: K:\aiapps\comfyui-conda\ComfyUI\custom_nodes\ComfyUI-Gemini_Flash_2.0_Exp\nodes\Gemini_Flash_Node.py
Found Audio recorder at: K:\aiapps\comfyui-conda\ComfyUI\custom_nodes\ComfyUI-Gemini_Flash_2.0_Exp\nodes\nodes_audio_recorder.py
Added Gemini node to mappings
Added Audio recorder node to mappings
ComfyUI-GGUF: Partial torch compile only, consider updating pytorch
Total VRAM 24564 MB, total RAM 65277 MB
pytorch version: 2.7.1+cu126
Set vram state to: NORMAL_VRAM
Device: cuda:0 NVIDIA GeForce RTX 4090 : cudaMallocAsync
### Loading: ComfyUI-Impact-Pack (V8.22)
[Impact Pack] Wildcards loading done.
### Loading: ComfyUI-Manager (V3.32.8)
[ComfyUI-Manager] network_mode: public
### ComfyUI Version: v0.3.49-2-g9126c0cf | Released on '2025-08-06'
======================================== ComfyUI-nunchaku Initialization ========================================
Nunchaku version: 0.3.1
ComfyUI-nunchaku version: 0.3.3
[ComfyUI-Manager] default cache updated: https://raw.githubusercontent.com/ltdrdata/ComfyUI-Manager/main/model-list.json
K:\program\minicaonda\envs\comfy\Lib\site-packages\timm\models\layers\__init__.py:48: FutureWarning: Importing from timm.models.layers is deprecated, please import via timm.layers
  warnings.warn(f"Importing from {__name__} is deprecated, please import via timm.layers", FutureWarning)
Please 'pip install xformers'
Please 'pip install apex'
Please 'pip install xformers'
=================================================================================================================
[ComfyUI-Manager] default cache updated: https://raw.githubusercontent.com/ltdrdata/ComfyUI-Manager/main/github-stats.json
[ComfyUI-Manager] default cache updated: https://raw.githubusercontent.com/ltdrdata/ComfyUI-Manager/main/alter-list.json

[ReActor] - STATUS - Running v0.6.1 in ComfyUI
Torch version: 2.7.1+cu126
Traceback (most recent call last):
  File "K:\program\minicaonda\envs\comfy\Lib\site-packages\transformers\utils\import_utils.py", line 1967, in _get_module
    return importlib.import_module("." + module_name, self.__name__)
           ^^^^^^^^^^^^^^^^^^^^^^^^^^^^^^^^^^^^^^^^^^^^^^^^^^^^^^^^^
  File "K:\program\minicaonda\envs\comfy\Lib\importlib\__init__.py", line 90, in import_module
    return _bootstrap._gcd_import(name[level:], package, level)
           ^^^^^^^^^^^^^^^^^^^^^^^^^^^^^^^^^^^^^^^^^^^^^^^^^^^^
  File "<frozen importlib._bootstrap>", line 1381, in _gcd_import
  File "<frozen importlib._bootstrap>", line 1354, in _find_and_load
  File "<frozen importlib._bootstrap>", line 1325, in _find_and_load_unlocked
  File "<frozen importlib._bootstrap>", line 929, in _load_unlocked
  File "<frozen importlib._bootstrap_external>", line 994, in exec_module
  File "<frozen importlib._bootstrap>", line 488, in _call_with_frames_removed
  File "K:\program\minicaonda\envs\comfy\Lib\site-packages\transformers\pipelines\__init__.py", line 64, in <module>
    from .document_question_answering import DocumentQuestionAnsweringPipeline
  File "K:\program\minicaonda\envs\comfy\Lib\site-packages\transformers\pipelines\document_question_answering.py", line 29, in <module>
    from .question_answering import select_starts_ends
  File "K:\program\minicaonda\envs\comfy\Lib\site-packages\transformers\pipelines\question_answering.py", line 9, in <module>
    from ..data import SquadExample, SquadFeatures, squad_convert_examples_to_features
  File "K:\program\minicaonda\envs\comfy\Lib\site-packages\transformers\data\__init__.py", line 29, in <module>
    from .processors import (
  File "K:\program\minicaonda\envs\comfy\Lib\site-packages\transformers\data\processors\__init__.py", line 15, in <module>
    from .glue import glue_convert_examples_to_features, glue_output_modes, glue_processors, glue_tasks_num_labels
  File "K:\program\minicaonda\envs\comfy\Lib\site-packages\transformers\data\processors\glue.py", line 79, in <module>
    examples: tf.data.Dataset,
              ^^^^^^^
AttributeError: module 'tensorflow' has no attribute 'data'

The above exception was the direct cause of the following exception:

Traceback (most recent call last):
  File "K:\aiapps\comfyui-conda\ComfyUI\nodes.py", line 2129, in load_custom_node
    module_spec.loader.exec_module(module)
  File "<frozen importlib._bootstrap_external>", line 994, in exec_module
  File "<frozen importlib._bootstrap>", line 488, in _call_with_frames_removed
  File "K:\aiapps\comfyui-conda\ComfyUI\custom_nodes\comfyui-reactor\__init__.py", line 23, in <module>
    from .nodes import NODE_CLASS_MAPPINGS, NODE_DISPLAY_NAME_MAPPINGS
  File "K:\aiapps\comfyui-conda\ComfyUI\custom_nodes\comfyui-reactor\nodes.py", line 66, in <module>
    import scripts.reactor_sfw as sfw
  File "K:\aiapps\comfyui-conda\ComfyUI\custom_nodes\comfyui-reactor\scripts\reactor_sfw.py", line 1, in <module>
    from transformers import pipeline
  File "<frozen importlib._bootstrap>", line 1406, in _handle_fromlist
  File "K:\program\minicaonda\envs\comfy\Lib\site-packages\transformers\utils\import_utils.py", line 1955, in __getattr__
    module = self._get_module(self._class_to_module[name])
             ^^^^^^^^^^^^^^^^^^^^^^^^^^^^^^^^^^^^^^^^^^^^^
  File "K:\program\minicaonda\envs\comfy\Lib\site-packages\transformers\utils\import_utils.py", line 1969, in _get_module
    raise RuntimeError(
RuntimeError: Failed to import transformers.pipelines because of the following error (look up to see its traceback):
module 'tensorflow' has no attribute 'data'

Cannot import K:\aiapps\comfyui-conda\ComfyUI\custom_nodes\comfyui-reactor module for custom nodes: Failed to import transformers.pipelines because of the following error (look up to see its traceback):
module 'tensorflow' has no attribute 'data'
[ComfyUI-ReduxFineTune] v1.1.0 Loaded
Error loading AILab_SegmentV2.py: No module named 'groundingdino'
[ComfyUI-RMBG] v2.7.0 | 29 nodes Loaded
[ComfyUI-Manager] default cache updated: https://raw.githubusercontent.com/ltdrdata/ComfyUI-Manager/main/extension-node-map.json
[ComfyUI-Manager] default cache updated: https://raw.githubusercontent.com/ltdrdata/ComfyUI-Manager/main/custom-node-list.json
no module 'xformers'. Processing without...
no module 'xformers'. Processing without...
API key loaded from .env file
------------------------------------------
Comfyroll Studio v1.76 :  175 Nodes Loaded
------------------------------------------
** For changes, please see patch notes at https://github.com/Suzie1/ComfyUI_Comfyroll_CustomNodes/blob/main/Patch_Notes.md
** For help, please see the wiki at https://github.com/Suzie1/ComfyUI_Comfyroll_CustomNodes/wiki
------------------------------------------
[K:\aiapps\comfyui-conda\ComfyUI\custom_nodes\comfyui_controlnet_aux] | INFO -> Using ckpts path: K:\aiapps\comfyui-conda\ComfyUI\custom_nodes\comfyui_controlnet_aux\ckpts
[K:\aiapps\comfyui-conda\ComfyUI\custom_nodes\comfyui_controlnet_aux] | INFO -> Using symlinks: False
[K:\aiapps\comfyui-conda\ComfyUI\custom_nodes\comfyui_controlnet_aux] | INFO -> Using ort providers: ['CUDAExecutionProvider', 'DirectMLExecutionProvider', 'OpenVINOExecutionProvider', 'ROCMExecutionProvider', 'CPUExecutionProvider', 'CoreMLExecutionProvider']
[DeepLXTranslateNode] Running server DeepLX...
DeepL X has been successfully launched! Listening on 0.0.0.0:1188
Developed by sjlleo <i@leo.moe> and missuo <me@missuo.me>.
[DeepLXTranslateNode] Checking DeepLX server. Attempt 10...
FETCH ComfyRegistry Data: 5/96
[DeepLXTranslateNode] Checking DeepLX server. Attempt 9...
[DeepLXTranslateNode] Checking DeepLX server. Attempt 8...
FETCH ComfyRegistry Data: 10/96
[DeepLXTranslateNode] Checking DeepLX server. Attempt 7...
FETCH ComfyRegistry Data: 15/96
[DeepLXTranslateNode] Checking DeepLX server. Attempt 6...
[DeepLXTranslateNode] Checking DeepLX server. Attempt 5...
FETCH ComfyRegistry Data: 20/96
[DeepLXTranslateNode] Checking DeepLX server. Attempt 4...
FETCH ComfyRegistry Data: 25/96
[DeepLXTranslateNode] Checking DeepLX server. Attempt 3...
FETCH ComfyRegistry Data: 30/96
[DeepLXTranslateNode] Checking DeepLX server. Attempt 2...
[DeepLXTranslateNode] Checking DeepLX server. Attempt 1...

### [START] ComfyUI AlekPet Nodes v1.0.68 ###
Node -> ArgosTranslateNode: ArgosTranslateCLIPTextEncodeNode, ArgosTranslateTextNode [Loading]
Node -> ChatGLMNode[Loading]
Node -> DeepLXTranslateNode[Failed]
Node -> DeepTranslatorNode: DeepTranslatorCLIPTextEncodeNode, DeepTranslatorTextNode [Loading]
Node -> ExtrasNode: PreviewTextNode, HexToHueNode, ColorsCorrectNode [Loading]
Node -> GoogleTranslateNode: GoogleTranslateCLIPTextEncodeNode, GoogleTranslateTextNode [Loading]
Node -> IDENode: IDENode [Loading]
Node -> PainterNode: PainterNode [Loading]
Node -> PoseNode: PoseNode [Loading]

* Nodes have been temporarily disabled due to the error *
DeepLXTranslateNode -> [DeepLXTranslateNode] Unexpected error while checking DeepLX server: HTTPConnectionPool(host='127.0.0.1', port=1188): Max retries exceeded with url: / (Caused by NewConnectionError('<urllib3.connection.HTTPConnection object at 0x0000021FBD030CB0>: Failed to establish a new connection: [WinError 10061] Áî±‰∫éÁõÆÊ†áËÆ°ÁÆóÊú∫ÁßØÊûÅÊãíÁªùÔºåÊó†Ê≥ïËøûÊé•„ÄÇ'))

### [END] ComfyUI AlekPet Nodes ###
Traceback (most recent call last):
  File "K:\program\minicaonda\envs\comfy\Lib\site-packages\transformers\utils\import_utils.py", line 1967, in _get_module
    return importlib.import_module("." + module_name, self.__name__)
           ^^^^^^^^^^^^^^^^^^^^^^^^^^^^^^^^^^^^^^^^^^^^^^^^^^^^^^^^^
  File "K:\program\minicaonda\envs\comfy\Lib\importlib\__init__.py", line 90, in import_module
    return _bootstrap._gcd_import(name[level:], package, level)
           ^^^^^^^^^^^^^^^^^^^^^^^^^^^^^^^^^^^^^^^^^^^^^^^^^^^^
  File "<frozen importlib._bootstrap>", line 1381, in _gcd_import
  File "<frozen importlib._bootstrap>", line 1354, in _find_and_load
  File "<frozen importlib._bootstrap>", line 1325, in _find_and_load_unlocked
  File "<frozen importlib._bootstrap>", line 929, in _load_unlocked
  File "<frozen importlib._bootstrap_external>", line 994, in exec_module
  File "<frozen importlib._bootstrap>", line 488, in _call_with_frames_removed
  File "K:\program\minicaonda\envs\comfy\Lib\site-packages\transformers\pipelines\__init__.py", line 64, in <module>
    from .document_question_answering import DocumentQuestionAnsweringPipeline
  File "K:\program\minicaonda\envs\comfy\Lib\site-packages\transformers\pipelines\document_question_answering.py", line 29, in <module>
    from .question_answering import select_starts_ends
  File "K:\program\minicaonda\envs\comfy\Lib\site-packages\transformers\pipelines\question_answering.py", line 9, in <module>
    from ..data import SquadExample, SquadFeatures, squad_convert_examples_to_features
  File "K:\program\minicaonda\envs\comfy\Lib\site-packages\transformers\data\__init__.py", line 29, in <module>
    from .processors import (
  File "K:\program\minicaonda\envs\comfy\Lib\site-packages\transformers\data\processors\__init__.py", line 15, in <module>
    from .glue import glue_convert_examples_to_features, glue_output_modes, glue_processors, glue_tasks_num_labels
  File "K:\program\minicaonda\envs\comfy\Lib\site-packages\transformers\data\processors\glue.py", line 79, in <module>
    examples: tf.data.Dataset,
              ^^^^^^^
AttributeError: module 'tensorflow' has no attribute 'data'

The above exception was the direct cause of the following exception:

Traceback (most recent call last):
  File "K:\aiapps\comfyui-conda\ComfyUI\nodes.py", line 2129, in load_custom_node
    module_spec.loader.exec_module(module)
  File "<frozen importlib._bootstrap_external>", line 994, in exec_module
  File "<frozen importlib._bootstrap>", line 488, in _call_with_frames_removed
  File "K:\aiapps\comfyui-conda\ComfyUI\custom_nodes\comfyui_layerstyle\__init__.py", line 35, in <module>
    imported_module = importlib.import_module(".py.{}".format(name), __name__)
                      ^^^^^^^^^^^^^^^^^^^^^^^^^^^^^^^^^^^^^^^^^^^^^^^^^^^^^^^^
  File "K:\program\minicaonda\envs\comfy\Lib\importlib\__init__.py", line 90, in import_module
    return _bootstrap._gcd_import(name[level:], package, level)
           ^^^^^^^^^^^^^^^^^^^^^^^^^^^^^^^^^^^^^^^^^^^^^^^^^^^^
  File "<frozen importlib._bootstrap>", line 1381, in _gcd_import
  File "<frozen importlib._bootstrap>", line 1354, in _find_and_load
  File "<frozen importlib._bootstrap>", line 1325, in _find_and_load_unlocked
  File "<frozen importlib._bootstrap>", line 929, in _load_unlocked
  File "<frozen importlib._bootstrap_external>", line 994, in exec_module
  File "<frozen importlib._bootstrap>", line 488, in _call_with_frames_removed
  File "K:\aiapps\comfyui-conda\ComfyUI\custom_nodes\comfyui_layerstyle\py\vqa_prompt.py", line 5, in <module>
    from transformers import pipeline
  File "<frozen importlib._bootstrap>", line 1406, in _handle_fromlist
  File "K:\program\minicaonda\envs\comfy\Lib\site-packages\transformers\utils\import_utils.py", line 1955, in __getattr__
    module = self._get_module(self._class_to_module[name])
             ^^^^^^^^^^^^^^^^^^^^^^^^^^^^^^^^^^^^^^^^^^^^^
  File "K:\program\minicaonda\envs\comfy\Lib\site-packages\transformers\utils\import_utils.py", line 1969, in _get_module
    raise RuntimeError(
RuntimeError: Failed to import transformers.pipelines because of the following error (look up to see its traceback):
module 'tensorflow' has no attribute 'data'

Cannot import K:\aiapps\comfyui-conda\ComfyUI\custom_nodes\comfyui_layerstyle module for custom nodes: Failed to import transformers.pipelines because of the following error (look up to see its traceback):
module 'tensorflow' has no attribute 'data'
Traceback (most recent call last):
  File "K:\program\minicaonda\envs\comfy\Lib\site-packages\transformers\utils\import_utils.py", line 1967, in _get_module
    return importlib.import_module("." + module_name, self.__name__)
           ^^^^^^^^^^^^^^^^^^^^^^^^^^^^^^^^^^^^^^^^^^^^^^^^^^^^^^^^^
  File "K:\program\minicaonda\envs\comfy\Lib\importlib\__init__.py", line 90, in import_module
    return _bootstrap._gcd_import(name[level:], package, level)
           ^^^^^^^^^^^^^^^^^^^^^^^^^^^^^^^^^^^^^^^^^^^^^^^^^^^^
  File "<frozen importlib._bootstrap>", line 1381, in _gcd_import
  File "<frozen importlib._bootstrap>", line 1354, in _find_and_load
  File "<frozen importlib._bootstrap>", line 1325, in _find_and_load_unlocked
  File "<frozen importlib._bootstrap>", line 929, in _load_unlocked
  File "<frozen importlib._bootstrap_external>", line 994, in exec_module
  File "<frozen importlib._bootstrap>", line 488, in _call_with_frames_removed
  File "K:\program\minicaonda\envs\comfy\Lib\site-packages\transformers\pipelines\__init__.py", line 64, in <module>
    from .document_question_answering import DocumentQuestionAnsweringPipeline
  File "K:\program\minicaonda\envs\comfy\Lib\site-packages\transformers\pipelines\document_question_answering.py", line 29, in <module>
    from .question_answering import select_starts_ends
  File "K:\program\minicaonda\envs\comfy\Lib\site-packages\transformers\pipelines\question_answering.py", line 9, in <module>
    from ..data import SquadExample, SquadFeatures, squad_convert_examples_to_features
  File "K:\program\minicaonda\envs\comfy\Lib\site-packages\transformers\data\__init__.py", line 29, in <module>
    from .processors import (
  File "K:\program\minicaonda\envs\comfy\Lib\site-packages\transformers\data\processors\__init__.py", line 15, in <module>
    from .glue import glue_convert_examples_to_features, glue_output_modes, glue_processors, glue_tasks_num_labels
  File "K:\program\minicaonda\envs\comfy\Lib\site-packages\transformers\data\processors\glue.py", line 79, in <module>
    examples: tf.data.Dataset,
              ^^^^^^^
AttributeError: module 'tensorflow' has no attribute 'data'

The above exception was the direct cause of the following exception:

Traceback (most recent call last):
  File "K:\aiapps\comfyui-conda\ComfyUI\nodes.py", line 2129, in load_custom_node
    module_spec.loader.exec_module(module)
  File "<frozen importlib._bootstrap_external>", line 994, in exec_module
  File "<frozen importlib._bootstrap>", line 488, in _call_with_frames_removed
  File "K:\aiapps\comfyui-conda\ComfyUI\custom_nodes\ComfyUI_LayerStyle_Advance\__init__.py", line 35, in <module>
    imported_module = importlib.import_module(".py.{}".format(name), __name__)
                      ^^^^^^^^^^^^^^^^^^^^^^^^^^^^^^^^^^^^^^^^^^^^^^^^^^^^^^^^
  File "K:\program\minicaonda\envs\comfy\Lib\importlib\__init__.py", line 90, in import_module
    return _bootstrap._gcd_import(name[level:], package, level)
           ^^^^^^^^^^^^^^^^^^^^^^^^^^^^^^^^^^^^^^^^^^^^^^^^^^^^
  File "<frozen importlib._bootstrap>", line 1381, in _gcd_import
  File "<frozen importlib._bootstrap>", line 1354, in _find_and_load
  File "<frozen importlib._bootstrap>", line 1325, in _find_and_load_unlocked
  File "<frozen importlib._bootstrap>", line 929, in _load_unlocked
  File "<frozen importlib._bootstrap_external>", line 994, in exec_module
  File "<frozen importlib._bootstrap>", line 488, in _call_with_frames_removed
  File "K:\aiapps\comfyui-conda\ComfyUI\custom_nodes\ComfyUI_LayerStyle_Advance\py\phi_nodes.py", line 7, in <module>
    from transformers import AutoModelForCausalLM, AutoProcessor, AutoTokenizer, pipeline
  File "<frozen importlib._bootstrap>", line 1406, in _handle_fromlist
  File "K:\program\minicaonda\envs\comfy\Lib\site-packages\transformers\utils\import_utils.py", line 1955, in __getattr__
    module = self._get_module(self._class_to_module[name])
             ^^^^^^^^^^^^^^^^^^^^^^^^^^^^^^^^^^^^^^^^^^^^^
  File "K:\program\minicaonda\envs\comfy\Lib\site-packages\transformers\utils\import_utils.py", line 1969, in _get_module
    raise RuntimeError(
RuntimeError: Failed to import transformers.pipelines because of the following error (look up to see its traceback):
module 'tensorflow' has no attribute 'data'

Cannot import K:\aiapps\comfyui-conda\ComfyUI\custom_nodes\ComfyUI_LayerStyle_Advance module for custom nodes: Failed to import transformers.pipelines because of the following error (look up to see its traceback):
module 'tensorflow' has no attribute 'data'
FETCH ComfyRegistry Data: 35/96
Anonymized telemetry enabled. See https://docs.browser-use.com/development/telemetry for more information.
Optional node movie_editor import failed with error: No module named 'moviepy.editor'.If you don't need to use this optional node, this reminder can be ignored.
Optional node stt import failed with error: Failed to import transformers.pipelines because of the following error (look up to see its traceback):
module 'tensorflow' has no attribute 'data'.If you don't need to use this optional node, this reminder can be ignored.
The installation of llama-cpp-python was skipped
Â¶ÇÊûú‰Ω†ÊÉ≥Ë¶ÅÂÆâË£Öllama-cpp-pythonÔºåËØ∑Âú®K:\aiapps\comfyui-conda\ComfyUI\custom_nodes\comfyui_llm_party\config.ini‰∏≠ÁöÑ[API_KEYS]Ê∑ªÂä†ÊàñËÄÖ‰øÆÊîπfast_installed= False,ÁÑ∂ÂêéÁÑ∂ÂêéÈáçÊñ∞ËøêË°åÁ®ãÂ∫è„ÄÇ
If you want to install llama-cpp-python, please add or modify fast_installed= False in K:\aiapps\comfyui-conda\ComfyUI\custom_nodes\comfyui_llm_party\config.ini in [API_KEYS] and then run the program again.
Successfully installed py-cord[voice]
Ê≥®ÂÜå XIS_Label ËäÇÁÇπ
XIS_ReorderImages node registered
[XISER] Successfully registered routes: /xiser_color, /custom/list_psd_files
Efficiency Nodes: Attempting to add Control Net options to the 'HiRes-Fix Script' Node (comfyui_controlnet_aux add-on)...Success!

[rgthree-comfy] Loaded 48 magnificent nodes. üéâ

WAS Node Suite: BlenderNeko's Advanced CLIP Text Encode found, attempting to enable `CLIPTextEncode` support.
WAS Node Suite: `CLIPTextEncode (BlenderNeko Advanced + NSP)` node enabled under `WAS Suite/Conditioning` menu.
WAS Node Suite: OpenCV Python FFMPEG support is enabled
WAS Node Suite Warning: `ffmpeg_bin_path` is not set in `K:\aiapps\comfyui-conda\ComfyUI\custom_nodes\was-node-suite-comfyui\was_suite_config.json` config file. Will attempt to use system ffmpeg binaries if available.
WAS Node Suite: Finished. Loaded 221 nodes successfully.

        "Art is the universal language that transcends boundaries and speaks to all." - Unknown


Import times for custom nodes:
   0.0 seconds: K:\aiapps\comfyui-conda\ComfyUI\custom_nodes\websocket_image_save.py
   0.0 seconds: K:\aiapps\comfyui-conda\ComfyUI\custom_nodes\comfyui-skin-tone-detector
   0.0 seconds: K:\aiapps\comfyui-conda\ComfyUI\custom_nodes\ComfyUI_AdvancedRefluxControl
   0.0 seconds: K:\aiapps\comfyui-conda\ComfyUI\custom_nodes\ComfyUI_ADV_CLIP_emb
   0.0 seconds: K:\aiapps\comfyui-conda\ComfyUI\custom_nodes\masquerade-nodes-comfyui
   0.0 seconds: K:\aiapps\comfyui-conda\ComfyUI\custom_nodes\Comfyui-chatgpt-api
   0.0 seconds: K:\aiapps\comfyui-conda\ComfyUI\custom_nodes\comfyui-unload-model
   0.0 seconds: K:\aiapps\comfyui-conda\ComfyUI\custom_nodes\ICEdit-ComfyUI-official
   0.0 seconds: K:\aiapps\comfyui-conda\ComfyUI\custom_nodes\ComfyUI_pixtral_vision
   0.0 seconds: K:\aiapps\comfyui-conda\ComfyUI\custom_nodes\comfyui-detail-daemon
   0.0 seconds: K:\aiapps\comfyui-conda\ComfyUI\custom_nodes\comfyui_ttp_toolset
   0.0 seconds: K:\aiapps\comfyui-conda\ComfyUI\custom_nodes\cg-use-everywhere
   0.0 seconds: K:\aiapps\comfyui-conda\ComfyUI\custom_nodes\ComfyUI_pixtral_large
   0.0 seconds: K:\aiapps\comfyui-conda\ComfyUI\custom_nodes\comfyui-get-meta
   0.0 seconds: K:\aiapps\comfyui-conda\ComfyUI\custom_nodes\comfyui-inpainteasy
   0.0 seconds: K:\aiapps\comfyui-conda\ComfyUI\custom_nodes\ComfyUI-Inpaint-CropAndStitch
   0.0 seconds: K:\aiapps\comfyui-conda\ComfyUI\custom_nodes\comfyui_slk_joy_caption_two
   0.0 seconds: K:\aiapps\comfyui-conda\ComfyUI\custom_nodes\ComfyUI-ReduxFineTune
   0.0 seconds: K:\aiapps\comfyui-conda\ComfyUI\custom_nodes\ComfyUI_InfiniteYou
   0.0 seconds: K:\aiapps\comfyui-conda\ComfyUI\custom_nodes\comfyui_face_parsing
   0.0 seconds: K:\aiapps\comfyui-conda\ComfyUI\custom_nodes\Comfy-Topaz-Photo
   0.0 seconds: K:\aiapps\comfyui-conda\ComfyUI\custom_nodes\ComfyUI-GGUF
   0.0 seconds: K:\aiapps\comfyui-conda\ComfyUI\custom_nodes\ComfyUI-TiledDiffusion
   0.0 seconds: K:\aiapps\comfyui-conda\ComfyUI\custom_nodes\comfyui_ipadapter_plus
   0.0 seconds: K:\aiapps\comfyui-conda\ComfyUI\custom_nodes\comfyui-various
   0.0 seconds: K:\aiapps\comfyui-conda\ComfyUI\custom_nodes\teacache
   0.0 seconds: K:\aiapps\comfyui-conda\ComfyUI\custom_nodes\wavespeed
   0.0 seconds: K:\aiapps\comfyui-conda\ComfyUI\custom_nodes\ComfyUI_essentials
   0.0 seconds: K:\aiapps\comfyui-conda\ComfyUI\custom_nodes\comfyui-florence2
   0.0 seconds: K:\aiapps\comfyui-conda\ComfyUI\custom_nodes\comfyui-custom-scripts
   0.0 seconds: K:\aiapps\comfyui-conda\ComfyUI\custom_nodes\comfyui-depthanythingv2
   0.0 seconds: K:\aiapps\comfyui-conda\ComfyUI\custom_nodes\comfyui_ultimatesdupscale
   0.0 seconds: K:\aiapps\comfyui-conda\ComfyUI\custom_nodes\comfyui-frame-interpolation
   0.0 seconds: K:\aiapps\comfyui-conda\ComfyUI\custom_nodes\comfy-image-saver
   0.0 seconds: K:\aiapps\comfyui-conda\ComfyUI\custom_nodes\ComfyUI-segment-anything-2
   0.0 seconds: K:\aiapps\comfyui-conda\ComfyUI\custom_nodes\ComfyUI-KJNodes
   0.0 seconds: K:\aiapps\comfyui-conda\ComfyUI\custom_nodes\comfyui-advanced-controlnet
   0.0 seconds: K:\aiapps\comfyui-conda\ComfyUI\custom_nodes\comfyui-rmbg
   0.0 seconds: K:\aiapps\comfyui-conda\ComfyUI\custom_nodes\comfyui-ic-light
   0.0 seconds: K:\aiapps\comfyui-conda\ComfyUI\custom_nodes\comfyui_faceanalysis
   0.0 seconds: K:\aiapps\comfyui-conda\ComfyUI\custom_nodes\comfyui-utils-nodes
   0.0 seconds: K:\aiapps\comfyui-conda\ComfyUI\custom_nodes\comfyui_controlnet_aux
   0.0 seconds: K:\aiapps\comfyui-conda\ComfyUI\custom_nodes\ComfyUI-LBMWrapper
   0.0 seconds: K:\aiapps\comfyui-conda\ComfyUI\custom_nodes\ComfyUI_Comfyroll_CustomNodes
   0.0 seconds: K:\aiapps\comfyui-conda\ComfyUI\custom_nodes\ComfyUI-MingNodes
   0.0 seconds: K:\aiapps\comfyui-conda\ComfyUI\custom_nodes\Comfyui-ergouzi-DGNJD
   0.0 seconds: K:\aiapps\comfyui-conda\ComfyUI\custom_nodes\efficiency-nodes-comfyui
   0.0 seconds (IMPORT FAILED): K:\aiapps\comfyui-conda\ComfyUI\custom_nodes\comfyui-anyline
   0.0 seconds: K:\aiapps\comfyui-conda\ComfyUI\custom_nodes\ComfyUI-VideoHelperSuite
   0.0 seconds (IMPORT FAILED): K:\aiapps\comfyui-conda\ComfyUI\custom_nodes\ComfyUI_LayerStyle_Advance
   0.1 seconds: K:\aiapps\comfyui-conda\ComfyUI\custom_nodes\comfyui-tensorops
   0.1 seconds (IMPORT FAILED): K:\aiapps\comfyui-conda\ComfyUI\custom_nodes\comfyui_layerstyle
   0.1 seconds: K:\aiapps\comfyui-conda\ComfyUI\custom_nodes\ComfyUI-Crystools
   0.1 seconds: K:\aiapps\comfyui-conda\ComfyUI\custom_nodes\comfyui_segment_anything
   0.1 seconds: K:\aiapps\comfyui-conda\ComfyUI\custom_nodes\ComfyUI-nunchaku
   0.1 seconds: K:\aiapps\comfyui-conda\ComfyUI\custom_nodes\comfyui-logicutils
   0.1 seconds (IMPORT FAILED): K:\aiapps\comfyui-conda\ComfyUI\custom_nodes\comfyui-reactor
   0.1 seconds: K:\aiapps\comfyui-conda\ComfyUI\custom_nodes\comfyui-advancedliveportrait
   0.1 seconds: K:\aiapps\comfyui-conda\ComfyUI\custom_nodes\ComfyUI_XISER_Nodes
   0.1 seconds: K:\aiapps\comfyui-conda\ComfyUI\custom_nodes\comfyui-impact-pack
   0.1 seconds: K:\aiapps\comfyui-conda\ComfyUI\custom_nodes\ComfyUI-Gemini_Flash_2.0_Exp
   0.2 seconds: K:\aiapps\comfyui-conda\ComfyUI\custom_nodes\ComfyUI-MMAudio
   0.2 seconds: K:\aiapps\comfyui-conda\ComfyUI\custom_nodes\comfyui-hunyan3dwrapper
   0.3 seconds: K:\aiapps\comfyui-conda\ComfyUI\custom_nodes\ComfyUI-Veo2-Experimental
   0.3 seconds: K:\aiapps\comfyui-conda\ComfyUI\custom_nodes\comfyui-brushnet
   0.3 seconds: K:\aiapps\comfyui-conda\ComfyUI\custom_nodes\rgthree-comfy
   0.4 seconds: K:\aiapps\comfyui-conda\ComfyUI\custom_nodes\ComfyUI-LLMs
   0.4 seconds: K:\aiapps\comfyui-conda\ComfyUI\custom_nodes\comfyui-easy-use
   0.5 seconds: K:\aiapps\comfyui-conda\ComfyUI\custom_nodes\ComfyUI-Manager
   0.6 seconds: K:\aiapps\comfyui-conda\ComfyUI\custom_nodes\ComfyUI-SUPIR
   0.7 seconds: K:\aiapps\comfyui-conda\ComfyUI\custom_nodes\ComfyUI-WanVideoWrapper
   1.1 seconds: K:\aiapps\comfyui-conda\ComfyUI\custom_nodes\comfyui-clip-interrogator
   1.1 seconds: K:\aiapps\comfyui-conda\ComfyUI\custom_nodes\was-node-suite-comfyui
   1.2 seconds: K:\aiapps\comfyui-conda\ComfyUI\custom_nodes\comfy-mtb
   1.6 seconds: K:\aiapps\comfyui-conda\ComfyUI\custom_nodes\a-person-mask-generator
   4.9 seconds: K:\aiapps\comfyui-conda\ComfyUI\custom_nodes\comfyui_llm_party
  41.5 seconds: K:\aiapps\comfyui-conda\ComfyUI\custom_nodes\comfyui_custom_nodes_alekpet

FETCH ComfyRegistry Data: 40/96
Context impl SQLiteImpl.
Will assume non-transactional DDL.
No target revision found.
Starting server

To see the GUI go to: http://0.0.0.0:8188
To see the GUI go to: http://[::]:8188
FETCH ComfyRegistry Data: 45/96
FETCH ComfyRegistry Data: 50/96
F